[15:23:09] [ServerMain/INFO]: Environment: authHost='https://authserver.mojang.com', accountsHost='https://api.mojang.com', sessionHost='https://sessionserver.mojang.com', servicesHost='https://api.minecraftservices.com', name='PROD'
[15:23:09] [ServerMain/WARN]: Missing data pack mod:cac
[15:23:09] [ServerMain/WARN]: Missing data pack mod:forge
[15:23:10] [ServerMain/INFO]: Loaded 7 recipes
[15:23:11] [Server thread/INFO]: Starting minecraft server version 1.20.1
[15:23:11] [Server thread/INFO]: Loading properties
[15:23:11] [Server thread/INFO]: This server is running Paper version git-Paper-196 (MC: 1.20.1) (Implementing API version 1.20.1-R0.1-SNAPSHOT) (Git: 773dd72)
[15:23:12] [Server thread/INFO]: Server Ping Player Sample Count: 12
[15:23:12] [Server thread/INFO]: Using 4 threads for Netty based IO
[15:23:12] [Server thread/WARN]: [!] The timings profiler has been enabled but has been scheduled for removal from Paper in the future.
    We recommend installing the spark profiler as a replacement: https://spark.lucko.me/
    For more information please visit: https://github.com/PaperMC/Paper/issues/8948
[15:23:12] [Server thread/INFO]: [ChunkTaskScheduler] Chunk system is using 1 I/O threads, 4 worker threads, and gen parallelism of 4 threads
[15:23:12] [Server thread/INFO]: Default game type: ADVENTURE
[15:23:12] [Server thread/INFO]: Generating keypair
[15:23:12] [Server thread/INFO]: Starting Minecraft server on *:25565
[15:23:12] [Server thread/INFO]: Using epoll channel type
[15:23:12] [Server thread/INFO]: Paper: Using libdeflate (Linux x86_64) compression from Velocity.
[15:23:12] [Server thread/INFO]: Paper: Using OpenSSL 1.1.x (Linux x86_64) cipher from Velocity.
[15:23:13] [Server thread/ERROR]: [ModernPluginLoadingStrategy] Could not load plugin 'worldedit-bukkit-7.3.1.jar' in folder 'plugins'
org.bukkit.plugin.InvalidPluginException: java.lang.UnsupportedClassVersionError: com/sk89q/worldedit/bukkit/WorldEditPlugin has been compiled by a more recent version of the Java Runtime (class file version 65.0), this version of the Java Runtime only recognizes class file versions up to 61.0
	at io.papermc.paper.plugin.provider.type.spigot.SpigotPluginProvider.createInstance(SpigotPluginProvider.java:127) ~[paper-1.20.1.jar:git-Paper-196]
	at io.papermc.paper.plugin.provider.type.spigot.SpigotPluginProvider.createInstance(SpigotPluginProvider.java:35) ~[paper-1.20.1.jar:git-Paper-196]
	at io.papermc.paper.plugin.entrypoint.strategy.modern.ModernPluginLoadingStrategy.loadProviders(ModernPluginLoadingStrategy.java:116) ~[paper-1.20.1.jar:git-Paper-196]
	at io.papermc.paper.plugin.storage.SimpleProviderStorage.enter(SimpleProviderStorage.java:39) ~[paper-1.20.1.jar:git-Paper-196]
	at io.papermc.paper.plugin.entrypoint.LaunchEntryPointHandler.enter(LaunchEntryPointHandler.java:36) ~[paper-1.20.1.jar:git-Paper-196]
	at org.bukkit.craftbukkit.v1_20_R1.CraftServer.loadPlugins(CraftServer.java:510) ~[paper-1.20.1.jar:git-Paper-196]
	at net.minecraft.server.dedicated.DedicatedServer.initServer(DedicatedServer.java:273) ~[paper-1.20.1.jar:git-Paper-196]
	at net.minecraft.server.MinecraftServer.runServer(MinecraftServer.java:1100) ~[paper-1.20.1.jar:git-Paper-196]
	at net.minecraft.server.MinecraftServer.lambda$spin$0(MinecraftServer.java:317) ~[paper-1.20.1.jar:git-Paper-196]
	at java.lang.Thread.run(Thread.java:840) ~[?:?]
Caused by: java.lang.UnsupportedClassVersionError: com/sk89q/worldedit/bukkit/WorldEditPlugin has been compiled by a more recent version of the Java Runtime (class file version 65.0), this version of the Java Runtime only recognizes class file versions up to 61.0
	at java.lang.ClassLoader.defineClass1(Native Method) ~[?:?]
	at java.lang.ClassLoader.defineClass(ClassLoader.java:1017) ~[?:?]
	at java.security.SecureClassLoader.defineClass(SecureClassLoader.java:150) ~[?:?]
	at org.bukkit.plugin.java.PluginClassLoader.findClass(PluginClassLoader.java:229) ~[paper-api-1.20.1-R0.1-SNAPSHOT.jar:?]
	at java.lang.ClassLoader.loadClass(ClassLoader.java:592) ~[?:?]
	at org.bukkit.plugin.java.PluginClassLoader.loadClass0(PluginClassLoader.java:155) ~[paper-api-1.20.1-R0.1-SNAPSHOT.jar:?]
	at org.bukkit.plugin.java.PluginClassLoader.loadClass(PluginClassLoader.java:150) ~[paper-api-1.20.1-R0.1-SNAPSHOT.jar:?]
	at java.lang.ClassLoader.loadClass(ClassLoader.java:525) ~[?:?]
	at java.lang.Class.forName0(Native Method) ~[?:?]
	at java.lang.Class.forName(Class.java:467) ~[?:?]
	at org.bukkit.plugin.java.PluginClassLoader.<init>(PluginClassLoader.java:76) ~[paper-api-1.20.1-R0.1-SNAPSHOT.jar:?]
	at io.papermc.paper.plugin.provider.type.spigot.SpigotPluginProvider.createInstance(SpigotPluginProvider.java:123) ~[paper-1.20.1.jar:git-Paper-196]
	... 9 more
[15:23:13] [Server thread/INFO]: Server permissions file permissions.yml is empty, ignoring it
[15:23:13] [Server thread/INFO]: Preparing level "world"
[15:23:13] [Server thread/INFO]: Preparing start region for dimension minecraft:overworld
[15:23:13] [Server thread/INFO]: Time elapsed: 284 ms
[15:23:13] [Server thread/INFO]: Preparing start region for dimension minecraft:the_end
[15:23:13] [Server thread/INFO]: Time elapsed: 69 ms
[15:23:13] [Server thread/INFO]: Running delayed init tasks
[15:23:13] [Server thread/INFO]: Done (2.286s)! For help, type "help"
[15:23:13] [Server thread/INFO]: Timings Reset
[15:23:21] [User Authenticator #0/INFO]: UUID of player StarNote is cd410954-44ae-4603-a765-72a8d7c04e8a
[15:23:22] [Server thread/INFO]: StarNote joined the game
[15:23:22] [Server thread/INFO]: StarNote[/10.201.185.86:37364] logged in with entity id 43 at ([world]0.09600709673956323, 64.0, -50.71984889467125)
[15:24:03] [Server thread/INFO]: Made StarNote a server operator
[15:25:25] [Server thread/INFO]: StarNote issued server command: /kill @a[type=!minecraft:player]
[15:25:29] [Server thread/INFO]: StarNote issued server command: /kill @e[type=!minecraft:player]
[15:25:29] [Server thread/INFO]: [StarNote: Killed 46 entities]
[15:26:48] [Server thread/INFO]: StarNote issued server command: /br sp
[15:26:51] [Server thread/INFO]: StarNote issued server command: //cut
[15:26:52] [Server thread/INFO]: StarNote issued server command: /cut
[15:26:57] [Server thread/INFO]: StarNote lost connection: Disconnected
[15:26:57] [Server thread/INFO]: StarNote left the game
[15:27:01] [Server thread/INFO]: Stopping the server
[15:27:01] [Server thread/INFO]: Stopping server
[15:27:01] [Server thread/INFO]: Saving players
[15:27:01] [Server thread/INFO]: Saving worlds
[15:27:01] [Server thread/INFO]: Saving chunks for level 'ServerLevel[world]'/minecraft:overworld
[15:27:01] [Server thread/INFO]: [ChunkHolderManager] Waiting 60s for chunk system to halt for world 'world'
[15:27:01] [Server thread/INFO]: [ChunkHolderManager] Halted chunk system for world 'world'
[15:27:01] [Server thread/INFO]: [ChunkHolderManager] Saving all chunkholders for world 'world'
[15:27:03] [Server thread/INFO]: [ChunkHolderManager] Saved 930 block chunks, 930 entity chunks, 0 poi chunks in world 'world' in 1.65s
[15:27:03] [Server thread/INFO]: ThreadedAnvilChunkStorage (world): All chunks are saved
[15:27:03] [Server thread/INFO]: Saving chunks for level 'ServerLevel[world_the_end]'/minecraft:the_end
[15:27:03] [Server thread/INFO]: [ChunkHolderManager] Waiting 60s for chunk system to halt for world 'world_the_end'
[15:27:03] [Server thread/INFO]: [ChunkHolderManager] Halted chunk system for world 'world_the_end'
[15:27:03] [Server thread/INFO]: [ChunkHolderManager] Saving all chunkholders for world 'world_the_end'
[15:27:03] [Server thread/INFO]: [ChunkHolderManager] Saved 529 block chunks, 529 entity chunks, 0 poi chunks in world 'world_the_end' in 0.17s
[15:27:03] [Server thread/INFO]: ThreadedAnvilChunkStorage (DIM1): All chunks are saved
[15:27:03] [Server thread/INFO]: ThreadedAnvilChunkStorage: All dimensions are saved
[15:27:03] [Server thread/INFO]: Flushing Chunk IO
[15:27:03] [Server thread/INFO]: Closing Thread Pool
[15:27:03] [Server thread/INFO]: Closing Server
